<?xml version="1.0" encoding="UTF-8"?>
<!-- Generated by org.testng.reporters.JUnitReportReporter -->
<testsuite hostname="DESKTOP-VT7DEF7" failures="0" tests="3" name="Aunnoation.TDemo2" time="0.006" errors="0" timestamp="2024-09-25T16:11:03 IST" skipped="0">
  <testcase classname="Aunnoation.TDemo2" name="m4" time="0.003"/>
  <system-out/>
  <testcase classname="Aunnoation.TDemo2" name="m6" time="0.002"/>
  <system-out/>
  <testcase classname="Aunnoation.TDemo2" name="m5" time="0.001"/>
  <system-out/>
</testsuite> <!-- Aunnoation.TDemo2 -->
