<?xml version="1.0" encoding="UTF-8"?>
<!-- Generated by org.testng.reporters.JUnitReportReporter -->
<testsuite hostname="DESKTOP-VT7DEF7" failures="0" tests="1" name="Data_Drivin_Testing.Excel_Data" time="0.604" errors="0" timestamp="2024-10-04T17:38:35 IST" skipped="0">
  <testcase classname="Data_Drivin_Testing.Excel_Data" name="excelData" time="0.604"/>
  <system-out/>
</testsuite> <!-- Data_Drivin_Testing.Excel_Data -->
