<?xml version="1.0" encoding="UTF-8"?>
<!-- Generated by org.testng.reporters.JUnitReportReporter -->
<testsuite hostname="DESKTOP-VT7DEF7" failures="0" tests="3" name="Aunnoation.TDemo1" time="0.012" errors="0" timestamp="2024-09-25T16:11:03 IST" skipped="0">
  <testcase classname="Aunnoation.TDemo1" name="m3" time="0.002"/>
  <system-out/>
  <testcase classname="Aunnoation.TDemo1" name="m1" time="0.008"/>
  <system-out/>
  <testcase classname="Aunnoation.TDemo1" name="m2" time="0.002"/>
  <system-out/>
</testsuite> <!-- Aunnoation.TDemo1 -->
