<?xml version="1.0" encoding="UTF-8"?>
<!-- Generated by org.testng.reporters.JUnitReportReporter -->
<testsuite hostname="DESKTOP-VT7DEF7" failures="0" tests="2" name="DataProvider.DataProviderDemo" time="11.803" errors="0" timestamp="2024-09-25T08:31:18 IST" skipped="0">
  <testcase classname="DataProvider.DataProviderDemo" name="testCase" time="7.223"/>
  <system-out/>
  <testcase classname="DataProvider.DataProviderDemo" name="testCase" time="4.580"/>
  <system-out/>
</testsuite> <!-- DataProvider.DataProviderDemo -->
