<?xml version="1.0" encoding="UTF-8"?>
<!-- Generated by org.testng.reporters.JUnitReportReporter -->
<testsuite hostname="DESKTOP-VT7DEF7" failures="0" tests="1" name="To_Read_Data_EXcel.Demo" time="0.873" errors="0" timestamp="2024-10-04T16:21:10 IST" skipped="0">
  <testcase classname="To_Read_Data_EXcel.Demo" name="testCase" time="0.873"/>
  <system-out/>
</testsuite> <!-- To_Read_Data_EXcel.Demo -->
