<?xml version="1.0" encoding="UTF-8"?>
<!-- Generated by org.testng.reporters.JUnitReportReporter -->
<testsuite hostname="DESKTOP-VT7DEF7" failures="0" tests="3" name="Aunnoation.BAMClass" time="10.055" errors="0" timestamp="2024-09-24T08:01:40 IST" skipped="0">
  <testcase classname="Aunnoation.BAMClass" name="TestCase3" time="4.084"/>
  <system-out/>
  <testcase classname="Aunnoation.BAMClass" name="TestCase1" time="2.853"/>
  <system-out/>
  <testcase classname="Aunnoation.BAMClass" name="TestCase2" time="3.118"/>
  <system-out/>
</testsuite> <!-- Aunnoation.BAMClass -->
