<?xml version="1.0" encoding="UTF-8"?>
<!-- Generated by org.testng.reporters.JUnitReportReporter -->
<testsuite hostname="DESKTOP-VT7DEF7" failures="0" tests="2" name="Aunnoation.BeforClassAndAfterClass" time="0.008" errors="0" timestamp="2024-09-24T07:48:08 IST" skipped="0">
  <testcase classname="Aunnoation.BeforClassAndAfterClass" name="testCase3" time="0.001"/>
  <system-out/>
  <testcase classname="Aunnoation.BeforClassAndAfterClass" name="testCase2" time="0.007"/>
  <system-out/>
</testsuite> <!-- Aunnoation.BeforClassAndAfterClass -->
