<?xml version="1.0" encoding="UTF-8"?>
<!-- Generated by org.testng.reporters.JUnitReportReporter -->
<testsuite hostname="DESKTOP-VT7DEF7" failures="0" tests="2" name="Parameterr.ParameterDemo" time="29.839" errors="0" timestamp="2024-09-26T17:07:57 IST" skipped="0">
  <testcase classname="Parameterr.ParameterDemo" name="testMethod" time="15.740"/>
  <system-out/>
  <testcase classname="Parameterr.ParameterDemo" name="testMethod" time="14.099"/>
  <system-out/>
</testsuite> <!-- Parameterr.ParameterDemo -->
