<?xml version="1.0" encoding="UTF-8"?>
<!-- Generated by org.testng.reporters.JUnitReportReporter -->
<testsuite hostname="DESKTOP-VT7DEF7" failures="0" tests="1" name="Data_Drivin_Testing.DataProviderrrr" time="0.000" errors="0" timestamp="2024-10-04T17:53:48 IST" skipped="1">
  <testcase classname="Data_Drivin_Testing.DataProviderrrr" name="testCase" time="0.000">
    <skipped/>
  </testcase> <!-- testCase -->
  <system-out/>
</testsuite> <!-- Data_Drivin_Testing.DataProviderrrr -->
