<?xml version="1.0" encoding="UTF-8"?>
<!-- Generated by org.testng.reporters.JUnitReportReporter -->
<testsuite hostname="DESKTOP-VT7DEF7" failures="0" tests="4" name="DataProvider.TestLOginData" time="35.827" errors="0" timestamp="2024-09-25T09:18:54 IST" skipped="0">
  <testcase classname="DataProvider.TestLOginData" name="testCase" time="7.368"/>
  <system-out/>
  <testcase classname="DataProvider.TestLOginData" name="testCase" time="16.226"/>
  <system-out/>
  <testcase classname="DataProvider.TestLOginData" name="testCase" time="6.282"/>
  <system-out/>
  <testcase classname="DataProvider.TestLOginData" name="testCase" time="5.951"/>
  <system-out/>
</testsuite> <!-- DataProvider.TestLOginData -->
