<?xml version="1.0" encoding="UTF-8"?>
<!-- Generated by org.testng.reporters.JUnitReportReporter -->
<testsuite hostname="DESKTOP-VT7DEF7" failures="0" tests="3" name="Aunnoation.BeforMethodAndAfterMethod" time="0.012" errors="0" timestamp="2024-09-23T17:35:51 IST" skipped="0">
  <testcase classname="Aunnoation.BeforMethodAndAfterMethod" name="testCase3" time="0.002"/>
  <system-out/>
  <testcase classname="Aunnoation.BeforMethodAndAfterMethod" name="testCase2" time="0.001"/>
  <system-out/>
  <testcase classname="Aunnoation.BeforMethodAndAfterMethod" name="testCase1" time="0.009"/>
  <system-out/>
</testsuite> <!-- Aunnoation.BeforMethodAndAfterMethod -->
