<?xml version="1.0" encoding="UTF-8"?>
<!-- Generated by org.testng.reporters.JUnitReportReporter -->
<testsuite hostname="DESKTOP-VT7DEF7" failures="0" tests="1" name="To_Read_Data_EXcel.Demoooooooooooo" time="0.673" errors="0" timestamp="2024-10-04T16:06:22 IST" skipped="0">
  <testcase classname="To_Read_Data_EXcel.Demoooooooooooo" name="Demo" time="0.673"/>
  <system-out/>
</testsuite> <!-- To_Read_Data_EXcel.Demoooooooooooo -->
